0 info it worked if it ends with ok
1 verbose cli [ '/usr/local/bin/node', '/usr/local/bin/npm', 'start' ]
2 info using npm@3.8.9
3 info using node@v6.2.0
4 verbose run-script [ 'prestart', 'start', 'poststart' ]
5 info lifecycle gitgudscrub-frontend@~prestart: gitgudscrub-frontend@
6 silly lifecycle gitgudscrub-frontend@~prestart: no script for prestart, continuing
7 info lifecycle gitgudscrub-frontend@~start: gitgudscrub-frontend@
8 verbose lifecycle gitgudscrub-frontend@~start: unsafe-perm in lifecycle true
9 verbose lifecycle gitgudscrub-frontend@~start: PATH: /usr/local/lib/node_modules/npm/bin/node-gyp-bin:/Users/larsbrix/projects/frontend/node_modules/.bin:/usr/local/bin:/Users/larsbrix/.npm-packages/bin:/usr/local/bin:/usr/bin:/bin:/usr/sbin:/sbin
10 verbose lifecycle gitgudscrub-frontend@~start: CWD: /Users/larsbrix/projects/frontend
11 silly lifecycle gitgudscrub-frontend@~start: Args: [ '-c', 'rimraf build && gulp' ]
12 silly lifecycle gitgudscrub-frontend@~start: Returned: code: 1  signal: null
13 info lifecycle gitgudscrub-frontend@~start: Failed to exec start script
14 verbose stack Error: gitgudscrub-frontend@ start: `rimraf build && gulp`
14 verbose stack Exit status 1
14 verbose stack     at EventEmitter.<anonymous> (/usr/local/lib/node_modules/npm/lib/utils/lifecycle.js:245:16)
14 verbose stack     at emitTwo (events.js:106:13)
14 verbose stack     at EventEmitter.emit (events.js:191:7)
14 verbose stack     at ChildProcess.<anonymous> (/usr/local/lib/node_modules/npm/lib/utils/spawn.js:24:14)
14 verbose stack     at emitTwo (events.js:106:13)
14 verbose stack     at ChildProcess.emit (events.js:191:7)
14 verbose stack     at maybeClose (internal/child_process.js:850:16)
14 verbose stack     at Process.ChildProcess._handle.onexit (internal/child_process.js:215:5)
15 verbose pkgid gitgudscrub-frontend@
16 verbose cwd /Users/larsbrix/projects/frontend
17 error Darwin 16.0.0
18 error argv "/usr/local/bin/node" "/usr/local/bin/npm" "start"
19 error node v6.2.0
20 error npm  v3.8.9
21 error code ELIFECYCLE
22 error gitgudscrub-frontend@ start: `rimraf build && gulp`
22 error Exit status 1
23 error Failed at the gitgudscrub-frontend@ start script 'rimraf build && gulp'.
23 error Make sure you have the latest version of node.js and npm installed.
23 error If you do, this is most likely a problem with the gitgudscrub-frontend package,
23 error not with npm itself.
23 error Tell the author that this fails on your system:
23 error     rimraf build && gulp
23 error You can get information on how to open an issue for this project with:
23 error     npm bugs gitgudscrub-frontend
23 error Or if that isn't available, you can get their info via:
23 error     npm owner ls gitgudscrub-frontend
23 error There is likely additional logging output above.
24 verbose exit [ 1, true ]
